<?xml version="1.0" encoding="UTF-8"?>
<testng-results skipped="0" failed="0" ignored="0" total="1" passed="1">
  <reporter-output>
  </reporter-output>
  <suite name="Default suite" duration-ms="3417" started-at="2021-05-31T14:20:08 IST" finished-at="2021-05-31T14:20:11 IST">
    <groups>
    </groups>
    <test name="Default test" duration-ms="3417" started-at="2021-05-31T14:20:08 IST" finished-at="2021-05-31T14:20:11 IST">
      <class name="com.ibm.sdet.restassured.httpmethods.SoapRequestByRest">
        <test-method status="PASS" signature="testAdd()[pri:0, instance:com.ibm.sdet.restassured.httpmethods.SoapRequestByRest@2e570ded]" name="testAdd" duration-ms="3337" started-at="2021-05-31T14:20:08 IST" finished-at="2021-05-31T14:20:11 IST">
          <reporter-output>
          </reporter-output>
        </test-method> <!-- testAdd -->
      </class> <!-- com.ibm.sdet.restassured.httpmethods.SoapRequestByRest -->
    </test> <!-- Default test -->
  </suite> <!-- Default suite -->
</testng-results>
